13:17:08.081 [main] DEBUG org.testng.TestNG - suiteXmlPath: "E:\Automation_Testing_Full_Udemy_Course\opencart\final.xml"
13:17:08.403 [main] INFO  org.testng.internal.Utils - [TestNG] Running:
  E:\Automation_Testing_Full_Udemy_Course\opencart\final.xml

13:18:46.927 [main] DEBUG org.testng.TestNG - suiteXmlPath: "E:\Automation_Testing_Full_Udemy_Course\opencart\final.xml"
13:18:47.239 [main] INFO  org.testng.internal.Utils - [TestNG] Running:
  E:\Automation_Testing_Full_Udemy_Course\opencart\final.xml

13:19:14.069 [main] DEBUG org.testng.TestNG - suiteXmlPath: "E:\Automation_Testing_Full_Udemy_Course\opencart\final.xml"
13:19:14.426 [main] INFO  org.testng.internal.Utils - [TestNG] Running:
  E:\Automation_Testing_Full_Udemy_Course\opencart\final.xml

13:24:04.735 [main] DEBUG org.testng.TestNG - suiteXmlPath: "E:\Automation_Testing_Full_Udemy_Course\opencart\final.xml"
13:24:05.034 [main] INFO  org.testng.internal.Utils - [TestNG] Running:
  E:\Automation_Testing_Full_Udemy_Course\opencart\final.xml

13:24:09.797 [TestNG-tests-1] INFO  testCases.TC_001_AccountRegistrationTest - **** TC_001_AccountRegistrationTest ****
13:24:09.797 [TestNG-tests-1] DEBUG testCases.TC_001_AccountRegistrationTest - application started....
13:24:10.548 [TestNG-tests-1] INFO  testCases.TC_001_AccountRegistrationTest - Click on MyAccount link
13:24:11.055 [TestNG-tests-1] INFO  testCases.TC_001_AccountRegistrationTest - Click on registration link
13:24:11.055 [TestNG-tests-1] INFO  testCases.TC_001_AccountRegistrationTest - Entering customer details..
13:24:14.352 [TestNG-tests-1] INFO  testCases.TC_001_AccountRegistrationTest - Clicked on continue..
13:24:14.410 [TestNG-tests-1] INFO  testCases.TC_001_AccountRegistrationTest - Validating expected message..
13:24:14.414 [TestNG-tests-1] DEBUG testCases.TC_001_AccountRegistrationTest - application logs end....
13:24:14.414 [TestNG-tests-1] INFO  testCases.TC_001_AccountRegistrationTest - **** TC_001_AccountRegistrationTest ****
13:24:18.088 [TestNG-tests-1] INFO  testCases.TC_002_Login_Test_Case - **** TC_002_Login_Test_Case ****
13:24:18.088 [TestNG-tests-1] DEBUG testCases.TC_002_Login_Test_Case - capturing application logs.....
13:24:19.719 [TestNG-tests-1] INFO  testCases.TC_002_Login_Test_Case - Clicked on MyAccount on home page
13:24:20.329 [TestNG-tests-1] INFO  testCases.TC_002_Login_Test_Case - Clicked on Login link
13:24:20.342 [TestNG-tests-1] INFO  testCases.TC_002_Login_Test_Case - Entering valid email and password
13:24:21.195 [TestNG-tests-1] INFO  testCases.TC_002_Login_Test_Case - **** Finished TC_002_Login_Test_Case ****
13:24:59.484 [main] DEBUG org.testng.TestNG - suiteXmlPath: "E:\Automation_Testing_Full_Udemy_Course\opencart\final.xml"
13:24:59.802 [main] INFO  org.testng.internal.Utils - [TestNG] Running:
  E:\Automation_Testing_Full_Udemy_Course\opencart\final.xml

13:25:03.939 [TestNG-tests-1] INFO  testCases.TC_001_AccountRegistrationTest - **** TC_001_AccountRegistrationTest ****
13:25:03.939 [TestNG-tests-1] DEBUG testCases.TC_001_AccountRegistrationTest - application started....
13:25:04.775 [TestNG-tests-1] INFO  testCases.TC_001_AccountRegistrationTest - Click on MyAccount link
13:25:05.331 [TestNG-tests-1] INFO  testCases.TC_001_AccountRegistrationTest - Click on registration link
13:25:05.331 [TestNG-tests-1] INFO  testCases.TC_001_AccountRegistrationTest - Entering customer details..
13:25:08.456 [TestNG-tests-1] INFO  testCases.TC_001_AccountRegistrationTest - Clicked on continue..
13:25:08.507 [TestNG-tests-1] INFO  testCases.TC_001_AccountRegistrationTest - Validating expected message..
13:25:08.509 [TestNG-tests-1] DEBUG testCases.TC_001_AccountRegistrationTest - application logs end....
13:25:08.510 [TestNG-tests-1] INFO  testCases.TC_001_AccountRegistrationTest - **** TC_001_AccountRegistrationTest ****
13:25:11.768 [TestNG-tests-1] INFO  testCases.TC_002_Login_Test_Case - **** TC_002_Login_Test_Case ****
13:25:11.768 [TestNG-tests-1] DEBUG testCases.TC_002_Login_Test_Case - capturing application logs.....
13:25:12.681 [TestNG-tests-1] INFO  testCases.TC_002_Login_Test_Case - Clicked on MyAccount on home page
13:25:13.398 [TestNG-tests-1] INFO  testCases.TC_002_Login_Test_Case - Clicked on Login link
13:25:13.402 [TestNG-tests-1] INFO  testCases.TC_002_Login_Test_Case - Entering valid email and password
13:25:14.319 [TestNG-tests-1] INFO  testCases.TC_002_Login_Test_Case - **** Finished TC_002_Login_Test_Case ****
13:28:35.222 [main] DEBUG org.testng.TestNG - suiteXmlPath: "E:\Automation_Testing_Full_Udemy_Course\opencart\final.xml"
13:28:35.554 [main] INFO  org.testng.internal.Utils - [TestNG] Running:
  E:\Automation_Testing_Full_Udemy_Course\opencart\final.xml

13:28:39.990 [TestNG-tests-1] INFO  testCases.TC_001_AccountRegistrationTest - **** TC_001_AccountRegistrationTest ****
13:28:39.990 [TestNG-tests-1] DEBUG testCases.TC_001_AccountRegistrationTest - application started....
13:28:40.680 [TestNG-tests-1] INFO  testCases.TC_001_AccountRegistrationTest - Click on MyAccount link
