12:48:35.394 [TestNG-tests-1] INFO  testCases.TC_002_Login_Test_Case - **** Finished TC_002_Login_Test_Case ****
13:43:05.327 [main] DEBUG org.testng.TestNG - suiteXmlPath: "E:\Automation_Testing_Full_Udemy_Course\opencart\final.xml"
13:43:10.659 [TestNG-tests-1] INFO  testCases.TC_001_AccountRegistrationTest - **** TC_001_AccountRegistrationTest ****
13:43:10.660 [TestNG-tests-1] DEBUG testCases.TC_001_AccountRegistrationTest - application started....
13:43:11.376 [TestNG-tests-1] INFO  testCases.TC_001_AccountRegistrationTest - Click on MyAccount link
13:43:11.945 [TestNG-tests-1] INFO  testCases.TC_001_AccountRegistrationTest - Click on registration link
13:43:11.945 [TestNG-tests-1] INFO  testCases.TC_001_AccountRegistrationTest - Entering customer details..
13:43:15.205 [TestNG-tests-1] INFO  testCases.TC_001_AccountRegistrationTest - Clicked on continue..
13:43:15.256 [TestNG-tests-1] INFO  testCases.TC_001_AccountRegistrationTest - Validating expected message..
13:43:15.259 [TestNG-tests-1] DEBUG testCases.TC_001_AccountRegistrationTest - application logs end....
13:43:15.259 [TestNG-tests-1] INFO  testCases.TC_001_AccountRegistrationTest - **** TC_001_AccountRegistrationTest ****
13:43:18.809 [TestNG-tests-1] INFO  testCases.TC_002_Login_Test_Case - **** TC_002_Login_Test_Case ****
13:43:18.809 [TestNG-tests-1] DEBUG testCases.TC_002_Login_Test_Case - capturing application logs.....
13:43:19.642 [TestNG-tests-1] INFO  testCases.TC_002_Login_Test_Case - Clicked on MyAccount on home page
13:43:20.157 [TestNG-tests-1] INFO  testCases.TC_002_Login_Test_Case - Clicked on Login link
13:43:20.159 [TestNG-tests-1] INFO  testCases.TC_002_Login_Test_Case - Entering valid email and password
13:43:20.883 [TestNG-tests-1] INFO  testCases.TC_002_Login_Test_Case - **** Finished TC_002_Login_Test_Case ****
13:49:52.887 [main] DEBUG org.testng.TestNG - suiteXmlPath: "E:\Automation_Testing_Full_Udemy_Course\opencart\final.xml"
13:49:57.089 [TestNG-tests-1] INFO  testCases.TC_001_AccountRegistrationTest - **** TC_001_AccountRegistrationTest ****
13:49:57.092 [TestNG-tests-1] DEBUG testCases.TC_001_AccountRegistrationTest - application started....
13:49:58.099 [TestNG-tests-1] INFO  testCases.TC_001_AccountRegistrationTest - Click on MyAccount link
13:49:58.628 [TestNG-tests-1] INFO  testCases.TC_001_AccountRegistrationTest - Click on registration link
13:49:58.628 [TestNG-tests-1] INFO  testCases.TC_001_AccountRegistrationTest - Entering customer details..
13:50:02.104 [TestNG-tests-1] INFO  testCases.TC_001_AccountRegistrationTest - Clicked on continue..
13:50:02.168 [TestNG-tests-1] INFO  testCases.TC_001_AccountRegistrationTest - Validating expected message..
13:50:02.171 [TestNG-tests-1] DEBUG testCases.TC_001_AccountRegistrationTest - application logs end....
13:50:02.171 [TestNG-tests-1] INFO  testCases.TC_001_AccountRegistrationTest - **** TC_001_AccountRegistrationTest ****
13:50:05.366 [TestNG-tests-1] INFO  testCases.TC_002_Login_Test_Case - **** TC_002_Login_Test_Case ****
13:50:05.366 [TestNG-tests-1] DEBUG testCases.TC_002_Login_Test_Case - capturing application logs.....
13:50:06.100 [TestNG-tests-1] INFO  testCases.TC_002_Login_Test_Case - Clicked on MyAccount on home page
13:50:06.511 [TestNG-tests-1] INFO  testCases.TC_002_Login_Test_Case - Clicked on Login link
13:50:06.513 [TestNG-tests-1] INFO  testCases.TC_002_Login_Test_Case - Entering valid email and password
13:50:07.322 [TestNG-tests-1] INFO  testCases.TC_002_Login_Test_Case - **** Finished TC_002_Login_Test_Case ****
